<?xml version="1.0" encoding="UTF-8"?>
<!-- Generated by org.testng.reporters.JUnitReportReporter -->
<testsuite skipped="0" hostname="Krushna" name="travelSite.SeleniumPOC.Booking" tests="7" failures="0" timestamp="29 Jun 2020 20:37:07 GMT" time="25.498" errors="0">
  <testcase name="selectDriveFromAddress" time="2.752" classname="travelSite.SeleniumPOC.Booking"/>
  <testcase name="carRentals" time="3.334" classname="travelSite.SeleniumPOC.Booking"/>
  <testcase name="selectDriveToAddress" time="1.579" classname="travelSite.SeleniumPOC.Booking"/>
  <testcase name="selectTripType" time="0.215" classname="travelSite.SeleniumPOC.Booking"/>
  <testcase name="launchURL" time="6.191" classname="travelSite.SeleniumPOC.Booking"/>
  <testcase name="search" time="4.399" classname="travelSite.SeleniumPOC.Booking"/>
  <testcase name="searchPageLoad" time="7.028" classname="travelSite.SeleniumPOC.Booking"/>
</testsuite> <!-- travelSite.SeleniumPOC.Booking -->
