<?xml version="1.0" encoding="UTF-8"?>
<!-- Generated by org.testng.reporters.JUnitReportReporter -->
<testsuite skipped="0" hostname="Krushna" name="travelSite.SeleniumPOC.TestingImage" tests="1" failures="0" timestamp="12 Jul 2020 16:00:36 GMT" time="35.994" errors="0">
  <testcase name="basicTest" time="35.994" classname="travelSite.SeleniumPOC.TestingImage"/>
</testsuite> <!-- travelSite.SeleniumPOC.TestingImage -->
