<?xml version="1.0" encoding="UTF-8"?>
<!-- Generated by org.testng.reporters.JUnitReportReporter -->
<testsuite hostname="Krushna" failures="0" tests="7" name="travelSite.SeleniumPOC.Booking" time="26.278" errors="0" timestamp="29 Jun 2020 16:19:52 GMT" skipped="0">
  <testcase classname="travelSite.SeleniumPOC.Booking" name="carRentals" time="3.712"/>
  <testcase classname="travelSite.SeleniumPOC.Booking" name="selectTripType" time="0.317"/>
  <testcase classname="travelSite.SeleniumPOC.Booking" name="searchPageLoad" time="0.198"/>
  <testcase classname="travelSite.SeleniumPOC.Booking" name="selectDriveToAddress" time="3.533"/>
  <testcase classname="travelSite.SeleniumPOC.Booking" name="search" time="11.284"/>
  <testcase classname="travelSite.SeleniumPOC.Booking" name="launchURL" time="4.418"/>
  <testcase classname="travelSite.SeleniumPOC.Booking" name="selectDriveFromAddress" time="2.816"/>
</testsuite> <!-- travelSite.SeleniumPOC.Booking -->
